make all --print-data-base --no-builtin-variables --no-builtin-rules --question
make: Circular src/main.cpp <- src/main.cpp dependency dropped.

# GNU Make 4.2.1
 
# Built for x86_64-pc-linux-gnu
 
# Copyright (C) 1988-2016 Free Software Foundation, Inc.
 
# License GPLv3+: GNU GPL version 3 or later <http://gnu.org/licenses/gpl.html>
 
# This is free software: you are free to change and redistribute it.
 
# There is NO WARRANTY, to the extent permitted by law.
 

 
# Make data base, printed on Tue Aug 16 12:13:17 2022
 

# Variables
 

 
# 'override' directive
 
GNUMAKEFLAGS := 
 
# automatic
 
<D = $(patsubst %/,%,$(dir $<))
 
# automatic
 
?F = $(notdir $?)
 
# environment
 
DESKTOP_SESSION = ubuntu
 
# default
 
.SHELLFLAGS := -c
 
# makefile (from 'makefile', line 4)
OBJ = $(SRC:src/%.cpp = obj/%.o)
# environment
XDG_SESSION_CLASS = user
# makefile (from 'makefile', line 3)
SRC = $(wildcard src/*.cpp)
# environment
XDG_SESSION_TYPE = x11
# makefile (from 'makefile', line 2)
TARGET = ./bin/program
# automatic
?D = $(patsubst %/,%,$(dir $?))
# environment
IM_CONFIG_PHASE = 1
# automatic
@D = $(patsubst %/,%,$(dir $@))
# environment
XAUTHORITY = /run/user/1000/gdm/Xauthority
# environment
GDMSESSION = ubuntu
# environment
XMODIFIERS = @im=ibus
# makefile
CURDIR := /home/yura/CppProjects/EasyCNC
# makefile
SHELL = /bin/sh
# environment
VSCODE_NLS_CONFIG = {"locale":"en-us","availableLanguages":{},"_languagePackSupport":true}
# environment
_ = /usr/share/code/code
# environment
JOURNAL_STREAM = 8:44181
# environment
XDG_CONFIG_DIRS = /etc/xdg/xdg-ubuntu:/etc/xdg
# makefile (from 'makefile', line 1)
MAKEFILE_LIST :=  makefile
# automatic
@F = $(notdir $@)
# environment
GIO_LAUNCHED_DESKTOP_FILE = /usr/share/applications/code.desktop
# environment
USERNAME = yura
# environment
MAKELEVEL := 0
# environment
MANDATORY_PATH = /usr/share/gconf/ubuntu.mandatory.path
# environment
XDG_DATA_DIRS = /usr/share/ubuntu:/usr/local/share/:/usr/share/:/var/lib/snapd/desktop
# environment
DBUS_SESSION_BUS_ADDRESS = unix:path=/run/user/1000/bus,guid=45a9839f75c8f9092730ceb862f66941
# makefile (from 'makefile', line 6)
GTKL = -lgtk-3.0
# makefile (from 'makefile', line 1)
CPPFLAGS = -std=c++17 -Wall
# environment
 
MANAGERPID = 1080
 
# environment
LESSOPEN = | /usr/bin/lesspipe %s
# environment
LC_NAME = uk_UA.UTF-8
# environment
VSCODE_CWD = /home/yura
# default
MAKE_HOST := x86_64-pc-linux-gnu
# environment
PATH = /home/yura/.local/bin:/home/yura/.local/bin:/usr/local/sbin:/usr/local/bin:/usr/sbin:/usr/bin:/sbin:/bin:/usr/games:/usr/local/games:/snap/bin:/usr/lib/dart/bin:/usr/lib/dart/bin
# environment
GPG_AGENT_INFO = /run/user/1000/gnupg/S.gpg-agent:0:1
# environment
SESSION_MANAGER = local/yura-K54L:@/tmp/.ICE-unix/1394,unix/yura-K54L:/tmp/.ICE-unix/1394
# environment
XDG_RUNTIME_DIR = /run/user/1000
# environment
XDG_MENU_PREFIX = gnome-
# environment
ELECTRON_RUN_AS_NODE = 1
# environment
INVOCATION_ID = 808177bd4ce740aebf16bc15924da3e9
# default
.FEATURES := target-specific order-only second-expansion else-if shortest-stem undefine oneshell archives jobserver output-sync check-symlink load
# environment
LS_COLORS = 
# environment
XDG_SESSION_DESKTOP = ubuntu
# environment
SSH_AUTH_SOCK = /run/user/1000/keyring/ssh
# environment
GIO_LAUNCHED_DESKTOP_FILE_PID = 103543
# automatic
%F = $(notdir $%)
# environment
DISPLAY = :0
# environment
PWD = /home/yura/CppProjects/EasyCNC
# default
.LOADED := 
# environment
SSH_AGENT_PID = 1342
# environment
ORIGINAL_XDG_CURRENT_DESKTOP = ubuntu:GNOME
# environment
 
GTK_MODULES = gail:atk-bridge
# environment
VSCODE_AMD_ENTRYPOINT = vs/workbench/api/node/extensionHostProcess
# environment
HOME = /home/yura
# environment
LESSCLOSE = /usr/bin/lesspipe %s %s
# environment
VSCODE_CODE_CACHE_PATH = /home/yura/.config/Code/CachedData/6d9b74a70ca9c7733b29f0456fd8195364076dda
# environment
LOGNAME = yura
# environment
APPLICATION_INSIGHTS_NO_DIAGNOSTIC_CHANNEL = true
# automatic
+F = $(notdir $+)
# environment
VSCODE_HANDLES_UNCAUGHT_ERRORS = true
# environment
GNOME_DESKTOP_SESSION_ID = this-is-deprecated
# automatic
^D = $(patsubst %/,%,$(dir $^))
# environment
LC_TIME = uk_UA.UTF-8
# default
MAKE = $(MAKE_COMMAND)
# default
MAKECMDGOALS := all
# environment
QT_IM_MODULE = ibus
# environment
SHLVL = 0
# environment
GNOME_SHELL_SESSION_MODE = ubuntu
# default
MAKE_VERSION := 4.2.1
# environment
USER = yura
# environment
LC_MONETARY = uk_UA.UTF-8
# makefile
.DEFAULT_GOAL := all
# environment
 
XDG_CURRENT_DESKTOP = Unity
# automatic
%D = $(patsubst %/,%,$(dir $%))
# environment
LC_TELEPHONE = uk_UA.UTF-8
# default
MAKE_COMMAND := make
# makefile (from 'makefile', line 5)
GTKI = `pkg-config gtk+-3.0 --cflags --libs` -export-dynamic 
# default
.VARIABLES := 
# automatic
*F = $(notdir $*)
# environment
VSCODE_IPC_HOOK = /run/user/1000/vscode-657fc004-1.70.1-main.sock
# makefile
MAKEFLAGS = pqrR
# environment
MFLAGS = -pqrR
# automatic
*D = $(patsubst %/,%,$(dir $*))
# automatic
+D = $(patsubst %/,%,$(dir $+))
# environment
GDK_BACKEND = x11
# environment
LC_PAPER = uk_UA.UTF-8
# environment
QT_ACCESSIBILITY = 1
# environment
DEFAULTS_PATH = /usr/share/gconf/ubuntu.default.path
# default
MAKEFILES := 
# environment
LC_NUMERIC = uk_UA.UTF-8
# automatic
<F = $(notdir $<)
# environment
LC_MEASUREMENT = uk_UA.UTF-8
# environment
LC_ALL = C
# environment
DBUS_STARTER_BUS_TYPE = session
# automatic
^F = $(notdir $^)
# default
SUFFIXES := 
# environment
CHROME_DESKTOP = code-url-handler.desktop
# environment
WINDOWPATH = 2
# default
.INCLUDE_DIRS = /usr/include /usr/local/include /usr/include
# environment
LC_IDENTIFICATION = uk_UA.UTF-8
# default
.RECIPEPREFIX := 
# environment
LC_ADDRESS = uk_UA.UTF-8
# environment
LANG = C
# environment
VSCODE_PID = 103543
# environment
DBUS_STARTER_ADDRESS = unix:path=/run/user/1000/bus,guid=45a9839f75c8f9092730ceb862f66941
# variable set hash-table stats:
# Load=109/1024=11%, Rehash=0, Collisions=20/141=14%

# Pattern-specific Variable Values

# No pattern-specific variable values.

# Directories

# . (device 64768, inode 20709443): 11 files, no impossibilities.
# src (device 64768, inode 20709444): 7 files, no impossibilities.

# 18 files, no impossibilities in 2 directories.

# Implicit Rules

# No implicit rules.

# Files

clear:
#  Implicit rule search has not been done.
#  Modification time never checked.
#  File has not been updated.
#  recipe to execute (from 'makefile', line 17):
	rm -rf ./bin/* ./obj/*

bin/program: src/main.cpp
#  Implicit rule search has not been done.
 
#  Last modified 2022-08-15 13:16:38.594403976
#  File has been updated.
#  Successfully updated.
#  recipe to execute (from 'makefile', line 11):
	g++  $(CPPFLAGS) -o $@ $^ $(GTKI) 

all: bin/program
#  Command line target.
#  Implicit rule search has been done.
#  File does not exist.
#  File has been updated.
#  Successfully updated.

# Not a target:
makefile:
#  Implicit rule search has been done.
#  Last modified 2022-08-08 20:38:12.061060045
#  File has been updated.
#  Successfully updated.

# Not a target:
.DEFAULT:
#  Implicit rule search has not been done.
#  Modification time never checked.
#  File has not been updated.

src/main.cpp:
#  Implicit rule search has not been done.
#  Last modified 2022-08-15 13:16:35.318335813
#  File has been updated.
#  Successfully updated.
#  recipe to execute (from 'makefile', line 14):
	g++ $(CPPFLAGS)  -c $^ 

# files hash-table stats:
# Load=7/1024=1%, Rehash=0, Collisions=0/23=0%
# VPATH Search Paths

# No 'vpath' search paths.

# No general ('VPATH' variable) search path.

# strcache buffers: 1 (0) / strings = 21 / storage = 170 B / avg = 8 B
# current buf: size = 8162 B / used = 170 B / count = 21 / avg = 8 B

# strcache performance: lookups = 39 / hit rate = 46%
# hash-table stats:
# Load=21/8192=0%, Rehash=0, Collisions=2/39=5%
# Finished Make data base on Tue Aug 16 12:13:17 2022

 
